[34m[1mdetect: [0mweights=['C:/Users/sunfo/yolov5/runs/train/230113_roboflow_dataset_test_train1500_epochs20/weights/best.pt'], source=D:/yolo_.mp4, data=data\coco128.yaml, imgsz=[640, 640], conf_thres=0.25, iou_thres=0.45, max_det=1000, device=, view_img=False, save_txt=True, save_conf=False, save_crop=False, nosave=False, classes=None, agnostic_nms=False, augment=False, visualize=False, update=False, project=runs\detect, name=exp, exist_ok=False, line_thickness=3, hide_labels=False, hide_conf=False, half=False, dnn=False, vid_stride=1
YOLOv5  v7.0-63-gcdd804d Python-3.9.15 torch-1.8.1+cu102 CUDA:0 (NVIDIA GeForce RTX 2060, 6144MiB)

Fusing layers... 
YOLOv5s summary: 157 layers, 7015519 parameters, 0 gradients, 15.8 GFLOPs
video 1/1 (1/736) D:\yolo_.mp4: 384x640 2 NonViolences, 8.0ms
video 1/1 (2/736) D:\yolo_.mp4: 384x640 2 NonViolences, 8.0ms
video 1/1 (3/736) D:\yolo_.mp4: 384x640 2 NonViolences, 8.0ms
video 1/1 (4/736) D:\yolo_.mp4: 384x640 2 NonViolences, 1 Violence, 8.0ms
video 1/1 (5/736) D:\yolo_.mp4: 384x640 2 NonViolences, 1 Violence, 8.0ms
video 1/1 (6/736) D:\yolo_.mp4: 384x640 1 NonViolence, 1 Violence, 8.0ms
video 1/1 (7/736) D:\yolo_.mp4: 384x640 1 NonViolence, 1 Violence, 9.0ms
video 1/1 (8/736) D:\yolo_.mp4: 384x640 1 NonViolence, 1 Violence, 8.0ms
video 1/1 (9/736) D:\yolo_.mp4: 384x640 1 NonViolence, 1 Violence, 8.0ms
video 1/1 (10/736) D:\yolo_.mp4: 384x640 1 NonViolence, 1 Violence, 9.0ms
video 1/1 (11/736) D:\yolo_.mp4: 384x640 1 NonViolence, 1 Violence, 8.0ms
video 1/1 (12/736) D:\yolo_.mp4: 384x640 1 Violence, 8.0ms
video 1/1 (13/736) D:\yolo_.mp4: 384x640 1 NonViolence, 1 Violence, 8.0ms
video 1/1 (14/736) D:\yolo_.mp4: 384x640 1 NonViolence, 1 Violence, 8.0ms
video 1/1 (15/736) D:\yolo_.mp4: 384x640 1 NonViolence, 1 Violence, 8.0ms
video 1/1 (16/736) D:\yolo_.mp4: 384x640 1 NonViolence, 1 Violence, 8.0ms
video 1/1 (17/736) D:\yolo_.mp4: 384x640 1 NonViolence, 1 Violence, 8.0ms
video 1/1 (18/736) D:\yolo_.mp4: 384x640 1 NonViolence, 1 Violence, 9.0ms
video 1/1 (19/736) D:\yolo_.mp4: 384x640 1 NonViolence, 1 Violence, 8.0ms
video 1/1 (20/736) D:\yolo_.mp4: 384x640 1 NonViolence, 1 Violence, 8.0ms
video 1/1 (21/736) D:\yolo_.mp4: 384x640 1 NonViolence, 1 Violence, 8.0ms
video 1/1 (22/736) D:\yolo_.mp4: 384x640 1 NonViolence, 1 Violence, 8.0ms
video 1/1 (23/736) D:\yolo_.mp4: 384x640 1 Violence, 9.0ms
video 1/1 (24/736) D:\yolo_.mp4: 384x640 1 Violence, 9.0ms
video 1/1 (25/736) D:\yolo_.mp4: 384x640 2 NonViolences, 1 Violence, 8.0ms
video 1/1 (26/736) D:\yolo_.mp4: 384x640 1 NonViolence, 1 Violence, 8.0ms
video 1/1 (27/736) D:\yolo_.mp4: 384x640 1 NonViolence, 1 Violence, 8.0ms
video 1/1 (28/736) D:\yolo_.mp4: 384x640 1 NonViolence, 1 Violence, 8.0ms
video 1/1 (29/736) D:\yolo_.mp4: 384x640 1 NonViolence, 1 Violence, 8.0ms
video 1/1 (30/736) D:\yolo_.mp4: 384x640 1 Violence, 9.0ms
video 1/1 (31/736) D:\yolo_.mp4: 384x640 1 Violence, 8.0ms
video 1/1 (32/736) D:\yolo_.mp4: 384x640 1 Violence, 8.0ms
video 1/1 (33/736) D:\yolo_.mp4: 384x640 2 Violences, 10.0ms
video 1/1 (34/736) D:\yolo_.mp4: 384x640 2 Violences, 8.0ms
video 1/1 (35/736) D:\yolo_.mp4: 384x640 2 Violences, 8.0ms
video 1/1 (36/736) D:\yolo_.mp4: 384x640 2 Violences, 8.0ms
video 1/1 (37/736) D:\yolo_.mp4: 384x640 2 Violences, 8.0ms
video 1/1 (38/736) D:\yolo_.mp4: 384x640 1 NonViolence, 1 Violence, 8.0ms
video 1/1 (39/736) D:\yolo_.mp4: 384x640 1 NonViolence, 1 Violence, 8.0ms
video 1/1 (40/736) D:\yolo_.mp4: 384x640 2 NonViolences, 1 Violence, 9.0ms
video 1/1 (41/736) D:\yolo_.mp4: 384x640 2 NonViolences, 1 Violence, 8.0ms
video 1/1 (42/736) D:\yolo_.mp4: 384x640 2 NonViolences, 1 Violence, 8.0ms
video 1/1 (43/736) D:\yolo_.mp4: 384x640 2 NonViolences, 2 Violences, 8.0ms
video 1/1 (44/736) D:\yolo_.mp4: 384x640 1 NonViolence, 2 Violences, 9.0ms
video 1/1 (45/736) D:\yolo_.mp4: 384x640 1 NonViolence, 2 Violences, 9.0ms
video 1/1 (46/736) D:\yolo_.mp4: 384x640 2 NonViolences, 2 Violences, 19.9ms
video 1/1 (47/736) D:\yolo_.mp4: 384x640 2 NonViolences, 2 Violences, 20.9ms
video 1/1 (48/736) D:\yolo_.mp4: 384x640 1 NonViolence, 2 Violences, 20.9ms
video 1/1 (49/736) D:\yolo_.mp4: 384x640 1 NonViolence, 2 Violences, 21.9ms
video 1/1 (50/736) D:\yolo_.mp4: 384x640 1 NonViolence, 2 Violences, 20.9ms
video 1/1 (51/736) D:\yolo_.mp4: 384x640 1 NonViolence, 2 Violences, 21.9ms
video 1/1 (52/736) D:\yolo_.mp4: 384x640 3 NonViolences, 1 Violence, 21.9ms
video 1/1 (53/736) D:\yolo_.mp4: 384x640 2 NonViolences, 1 Violence, 22.9ms
video 1/1 (54/736) D:\yolo_.mp4: 384x640 2 NonViolences, 1 Violence, 21.9ms
video 1/1 (55/736) D:\yolo_.mp4: 384x640 2 NonViolences, 1 Violence, 21.9ms
video 1/1 (56/736) D:\yolo_.mp4: 384x640 2 NonViolences, 1 Violence, 22.9ms
video 1/1 (57/736) D:\yolo_.mp4: 384x640 2 NonViolences, 1 Violence, 24.9ms
video 1/1 (58/736) D:\yolo_.mp4: 384x640 2 NonViolences, 1 Violence, 24.9ms
video 1/1 (59/736) D:\yolo_.mp4: 384x640 2 NonViolences, 1 Violence, 23.9ms
video 1/1 (60/736) D:\yolo_.mp4: 384x640 2 NonViolences, 1 Violence, 22.9ms
video 1/1 (61/736) D:\yolo_.mp4: 384x640 2 NonViolences, 1 Violence, 25.9ms
video 1/1 (62/736) D:\yolo_.mp4: 384x640 2 NonViolences, 1 Violence, 23.9ms
video 1/1 (63/736) D:\yolo_.mp4: 384x640 2 NonViolences, 1 Violence, 26.9ms
video 1/1 (64/736) D:\yolo_.mp4: 384x640 2 NonViolences, 1 Violence, 25.9ms
video 1/1 (65/736) D:\yolo_.mp4: 384x640 3 NonViolences, 1 Violence, 26.9ms
video 1/1 (66/736) D:\yolo_.mp4: 384x640 2 NonViolences, 1 Violence, 26.9ms
video 1/1 (67/736) D:\yolo_.mp4: 384x640 2 NonViolences, 1 Violence, 26.9ms
video 1/1 (68/736) D:\yolo_.mp4: 384x640 2 NonViolences, 1 Violence, 48.8ms
video 1/1 (69/736) D:\yolo_.mp4: 384x640 2 NonViolences, 1 Violence, 41.9ms
video 1/1 (70/736) D:\yolo_.mp4: 384x640 2 NonViolences, 1 Violence, 40.9ms
video 1/1 (71/736) D:\yolo_.mp4: 384x640 2 NonViolences, 1 Violence, 40.9ms
video 1/1 (72/736) D:\yolo_.mp4: 384x640 2 NonViolences, 1 Violence, 40.9ms
video 1/1 (73/736) D:\yolo_.mp4: 384x640 2 NonViolences, 1 Violence, 44.9ms
video 1/1 (74/736) D:\yolo_.mp4: 384x640 2 NonViolences, 1 Violence, 41.9ms
video 1/1 (75/736) D:\yolo_.mp4: 384x640 2 NonViolences, 1 Violence, 38.9ms
video 1/1 (76/736) D:\yolo_.mp4: 384x640 2 NonViolences, 1 Violence, 44.9ms
video 1/1 (77/736) D:\yolo_.mp4: 384x640 2 NonViolences, 1 Violence, 38.9ms
video 1/1 (78/736) D:\yolo_.mp4: 384x640 2 NonViolences, 1 Violence, 39.8ms
video 1/1 (79/736) D:\yolo_.mp4: 384x640 2 NonViolences, 1 Violence, 38.9ms
video 1/1 (80/736) D:\yolo_.mp4: 384x640 2 NonViolences, 1 Violence, 39.9ms
video 1/1 (81/736) D:\yolo_.mp4: 384x640 2 NonViolences, 1 Violence, 38.9ms
video 1/1 (82/736) D:\yolo_.mp4: 384x640 2 NonViolences, 1 Violence, 44.8ms
video 1/1 (83/736) D:\yolo_.mp4: 384x640 2 NonViolences, 1 Violence, 41.9ms
video 1/1 (84/736) D:\yolo_.mp4: 384x640 2 NonViolences, 1 Violence, 37.8ms
video 1/1 (85/736) D:\yolo_.mp4: 384x640 2 NonViolences, 37.9ms
video 1/1 (86/736) D:\yolo_.mp4: 384x640 1 NonViolence, 1 Violence, 36.9ms
video 1/1 (87/736) D:\yolo_.mp4: 384x640 2 NonViolences, 1 Violence, 36.9ms
video 1/1 (88/736) D:\yolo_.mp4: 384x640 2 NonViolences, 37.9ms
video 1/1 (89/736) D:\yolo_.mp4: 384x640 2 NonViolences, 40.9ms
video 1/1 (90/736) D:\yolo_.mp4: 384x640 1 NonViolence, 1 Violence, 40.9ms
video 1/1 (91/736) D:\yolo_.mp4: 384x640 1 NonViolence, 1 Violence, 36.2ms
video 1/1 (92/736) D:\yolo_.mp4: 384x640 1 NonViolence, 1 Violence, 36.9ms
video 1/1 (93/736) D:\yolo_.mp4: 384x640 1 NonViolence, 1 Violence, 36.9ms
video 1/1 (94/736) D:\yolo_.mp4: 384x640 2 NonViolences, 36.9ms
video 1/1 (95/736) D:\yolo_.mp4: 384x640 2 NonViolences, 37.9ms
video 1/1 (96/736) D:\yolo_.mp4: 384x640 2 NonViolences, 35.9ms
video 1/1 (97/736) D:\yolo_.mp4: 384x640 1 NonViolence, 36.9ms
video 1/1 (98/736) D:\yolo_.mp4: 384x640 1 NonViolence, 36.9ms
video 1/1 (99/736) D:\yolo_.mp4: 384x640 1 NonViolence, 1 Violence, 37.9ms
video 1/1 (100/736) D:\yolo_.mp4: 384x640 2 NonViolences, 1 Violence, 38.9ms
video 1/1 (101/736) D:\yolo_.mp4: 384x640 2 NonViolences, 1 Violence, 40.9ms
video 1/1 (102/736) D:\yolo_.mp4: 384x640 1 NonViolence, 1 Violence, 18.9ms
video 1/1 (103/736) D:\yolo_.mp4: 384x640 1 NonViolence, 1 Violence, 18.0ms
video 1/1 (104/736) D:\yolo_.mp4: 384x640 1 NonViolence, 18.0ms
video 1/1 (105/736) D:\yolo_.mp4: 384x640 1 NonViolence, 17.0ms
video 1/1 (106/736) D:\yolo_.mp4: 384x640 (no detections), 18.0ms
video 1/1 (107/736) D:\yolo_.mp4: 384x640 1 NonViolence, 18.0ms
video 1/1 (108/736) D:\yolo_.mp4: 384x640 (no detections), 17.9ms
video 1/1 (109/736) D:\yolo_.mp4: 384x640 (no detections), 17.0ms
video 1/1 (110/736) D:\yolo_.mp4: 384x640 1 NonViolence, 18.0ms
video 1/1 (111/736) D:\yolo_.mp4: 384x640 1 NonViolence, 17.0ms
video 1/1 (112/736) D:\yolo_.mp4: 384x640 1 NonViolence, 16.9ms
video 1/1 (113/736) D:\yolo_.mp4: 384x640 1 NonViolence, 1 Violence, 18.0ms
video 1/1 (114/736) D:\yolo_.mp4: 384x640 1 NonViolence, 1 Violence, 17.9ms
video 1/1 (115/736) D:\yolo_.mp4: 384x640 1 NonViolence, 1 Violence, 17.0ms
video 1/1 (116/736) D:\yolo_.mp4: 384x640 1 NonViolence, 1 Violence, 18.9ms
video 1/1 (117/736) D:\yolo_.mp4: 384x640 1 NonViolence, 18.9ms
video 1/1 (118/736) D:\yolo_.mp4: 384x640 1 NonViolence, 18.9ms
video 1/1 (119/736) D:\yolo_.mp4: 384x640 1 NonViolence, 18.9ms
video 1/1 (120/736) D:\yolo_.mp4: 384x640 1 NonViolence, 18.0ms
video 1/1 (121/736) D:\yolo_.mp4: 384x640 1 NonViolence, 1 Violence, 17.9ms
video 1/1 (122/736) D:\yolo_.mp4: 384x640 1 NonViolence, 17.9ms
video 1/1 (123/736) D:\yolo_.mp4: 384x640 1 NonViolence, 38.9ms
video 1/1 (124/736) D:\yolo_.mp4: 384x640 1 NonViolence, 38.8ms
video 1/1 (125/736) D:\yolo_.mp4: 384x640 1 NonViolence, 38.9ms
video 1/1 (126/736) D:\yolo_.mp4: 384x640 1 NonViolence, 37.9ms
video 1/1 (127/736) D:\yolo_.mp4: 384x640 1 NonViolence, 1 Violence, 38.9ms
video 1/1 (128/736) D:\yolo_.mp4: 384x640 1 NonViolence, 1 Violence, 37.9ms
video 1/1 (129/736) D:\yolo_.mp4: 384x640 1 NonViolence, 1 Violence, 39.9ms
video 1/1 (130/736) D:\yolo_.mp4: 384x640 2 NonViolences, 1 Violence, 43.9ms
video 1/1 (131/736) D:\yolo_.mp4: 384x640 2 NonViolences, 37.9ms
video 1/1 (132/736) D:\yolo_.mp4: 384x640 2 NonViolences, 36.9ms
video 1/1 (133/736) D:\yolo_.mp4: 384x640 3 NonViolences, 37.9ms
video 1/1 (134/736) D:\yolo_.mp4: 384x640 3 NonViolences, 39.9ms
video 1/1 (135/736) D:\yolo_.mp4: 384x640 2 NonViolences, 36.9ms
video 1/1 (136/736) D:\yolo_.mp4: 384x640 3 NonViolences, 36.9ms
video 1/1 (137/736) D:\yolo_.mp4: 384x640 3 NonViolences, 36.9ms
video 1/1 (138/736) D:\yolo_.mp4: 384x640 3 NonViolences, 41.9ms
video 1/1 (139/736) D:\yolo_.mp4: 384x640 3 NonViolences, 1 Violence, 37.9ms
video 1/1 (140/736) D:\yolo_.mp4: 384x640 3 NonViolences, 42.9ms
video 1/1 (141/736) D:\yolo_.mp4: 384x640 3 NonViolences, 41.9ms
video 1/1 (142/736) D:\yolo_.mp4: 384x640 3 NonViolences, 1 Violence, 37.9ms
video 1/1 (143/736) D:\yolo_.mp4: 384x640 3 NonViolences, 42.8ms
video 1/1 (144/736) D:\yolo_.mp4: 384x640 4 NonViolences, 36.9ms
video 1/1 (145/736) D:\yolo_.mp4: 384x640 4 NonViolences, 17.0ms
video 1/1 (146/736) D:\yolo_.mp4: 384x640 4 NonViolences, 16.9ms
video 1/1 (147/736) D:\yolo_.mp4: 384x640 4 NonViolences, 16.9ms
video 1/1 (148/736) D:\yolo_.mp4: 384x640 4 NonViolences, 16.9ms
video 1/1 (149/736) D:\yolo_.mp4: 384x640 4 NonViolences, 19.9ms
video 1/1 (150/736) D:\yolo_.mp4: 384x640 4 NonViolences, 19.9ms
video 1/1 (151/736) D:\yolo_.mp4: 384x640 4 NonViolences, 18.9ms
video 1/1 (152/736) D:\yolo_.mp4: 384x640 4 NonViolences, 18.9ms
video 1/1 (153/736) D:\yolo_.mp4: 384x640 3 NonViolences, 18.0ms
video 1/1 (154/736) D:\yolo_.mp4: 384x640 4 NonViolences, 17.9ms
video 1/1 (155/736) D:\yolo_.mp4: 384x640 3 NonViolences, 16.9ms
video 1/1 (156/736) D:\yolo_.mp4: 384x640 4 NonViolences, 18.0ms
video 1/1 (157/736) D:\yolo_.mp4: 384x640 4 NonViolences, 18.0ms
video 1/1 (158/736) D:\yolo_.mp4: 384x640 4 NonViolences, 18.0ms
video 1/1 (159/736) D:\yolo_.mp4: 384x640 4 NonViolences, 18.0ms
video 1/1 (160/736) D:\yolo_.mp4: 384x640 4 NonViolences, 17.9ms
video 1/1 (161/736) D:\yolo_.mp4: 384x640 4 NonViolences, 18.9ms
video 1/1 (162/736) D:\yolo_.mp4: 384x640 4 NonViolences, 18.0ms
video 1/1 (163/736) D:\yolo_.mp4: 384x640 4 NonViolences, 18.0ms
video 1/1 (164/736) D:\yolo_.mp4: 384x640 4 NonViolences, 18.0ms
video 1/1 (165/736) D:\yolo_.mp4: 384x640 4 NonViolences, 38.9ms
video 1/1 (166/736) D:\yolo_.mp4: 384x640 4 NonViolences, 44.8ms
video 1/1 (167/736) D:\yolo_.mp4: 384x640 4 NonViolences, 39.9ms
video 1/1 (168/736) D:\yolo_.mp4: 384x640 4 NonViolences, 42.9ms
video 1/1 (169/736) D:\yolo_.mp4: 384x640 4 NonViolences, 41.9ms
video 1/1 (170/736) D:\yolo_.mp4: 384x640 3 NonViolences, 38.9ms
video 1/1 (171/736) D:\yolo_.mp4: 384x640 3 NonViolences, 37.9ms
video 1/1 (172/736) D:\yolo_.mp4: 384x640 3 NonViolences, 37.9ms
video 1/1 (173/736) D:\yolo_.mp4: 384x640 2 NonViolences, 36.9ms
video 1/1 (174/736) D:\yolo_.mp4: 384x640 2 NonViolences, 37.9ms
video 1/1 (175/736) D:\yolo_.mp4: 384x640 2 NonViolences, 37.9ms
video 1/1 (176/736) D:\yolo_.mp4: 384x640 2 NonViolences, 41.9ms
video 1/1 (177/736) D:\yolo_.mp4: 384x640 2 NonViolences, 38.9ms
video 1/1 (178/736) D:\yolo_.mp4: 384x640 2 NonViolences, 44.9ms
video 1/1 (179/736) D:\yolo_.mp4: 384x640 2 NonViolences, 36.9ms
video 1/1 (180/736) D:\yolo_.mp4: 384x640 3 NonViolences, 37.9ms
video 1/1 (181/736) D:\yolo_.mp4: 384x640 2 NonViolences, 36.9ms
video 1/1 (182/736) D:\yolo_.mp4: 384x640 2 NonViolences, 37.9ms
video 1/1 (183/736) D:\yolo_.mp4: 384x640 2 NonViolences, 36.9ms
video 1/1 (184/736) D:\yolo_.mp4: 384x640 2 NonViolences, 36.9ms
video 1/1 (185/736) D:\yolo_.mp4: 384x640 3 NonViolences, 36.9ms
video 1/1 (186/736) D:\yolo_.mp4: 384x640 3 NonViolences, 43.9ms
video 1/1 (187/736) D:\yolo_.mp4: 384x640 2 NonViolences, 18.0ms
video 1/1 (188/736) D:\yolo_.mp4: 384x640 2 NonViolences, 17.9ms
video 1/1 (189/736) D:\yolo_.mp4: 384x640 2 NonViolences, 18.0ms
video 1/1 (190/736) D:\yolo_.mp4: 384x640 2 NonViolences, 17.9ms
video 1/1 (191/736) D:\yolo_.mp4: 384x640 2 NonViolences, 17.0ms
video 1/1 (192/736) D:\yolo_.mp4: 384x640 3 NonViolences, 18.0ms
video 1/1 (193/736) D:\yolo_.mp4: 384x640 3 NonViolences, 18.9ms
video 1/1 (194/736) D:\yolo_.mp4: 384x640 3 NonViolences, 18.0ms
video 1/1 (195/736) D:\yolo_.mp4: 384x640 3 NonViolences, 18.0ms
video 1/1 (196/736) D:\yolo_.mp4: 384x640 2 NonViolences, 16.9ms
video 1/1 (197/736) D:\yolo_.mp4: 384x640 3 NonViolences, 18.0ms
video 1/1 (198/736) D:\yolo_.mp4: 384x640 3 NonViolences, 18.0ms
video 1/1 (199/736) D:\yolo_.mp4: 384x640 2 NonViolences, 18.0ms
video 1/1 (200/736) D:\yolo_.mp4: 384x640 2 NonViolences, 1 Violence, 18.9ms
video 1/1 (201/736) D:\yolo_.mp4: 384x640 2 NonViolences, 19.9ms
video 1/1 (202/736) D:\yolo_.mp4: 384x640 2 NonViolences, 16.9ms
video 1/1 (203/736) D:\yolo_.mp4: 384x640 2 NonViolences, 18.0ms
video 1/1 (204/736) D:\yolo_.mp4: 384x640 3 NonViolences, 18.0ms
video 1/1 (205/736) D:\yolo_.mp4: 384x640 3 NonViolences, 1 Violence, 18.0ms
video 1/1 (206/736) D:\yolo_.mp4: 384x640 3 NonViolences, 1 Violence, 18.0ms
video 1/1 (207/736) D:\yolo_.mp4: 384x640 2 NonViolences, 1 Violence, 17.0ms
video 1/1 (208/736) D:\yolo_.mp4: 384x640 2 NonViolences, 1 Violence, 39.8ms
video 1/1 (209/736) D:\yolo_.mp4: 384x640 3 NonViolences, 38.9ms
video 1/1 (210/736) D:\yolo_.mp4: 384x640 3 NonViolences, 39.9ms
video 1/1 (211/736) D:\yolo_.mp4: 384x640 3 NonViolences, 38.9ms
video 1/1 (212/736) D:\yolo_.mp4: 384x640 3 NonViolences, 38.9ms
video 1/1 (213/736) D:\yolo_.mp4: 384x640 3 NonViolences, 38.9ms
video 1/1 (214/736) D:\yolo_.mp4: 384x640 3 NonViolences, 1 Violence, 46.8ms
video 1/1 (215/736) D:\yolo_.mp4: 384x640 3 NonViolences, 1 Violence, 42.9ms
video 1/1 (216/736) D:\yolo_.mp4: 384x640 2 NonViolences, 1 Violence, 37.9ms
video 1/1 (217/736) D:\yolo_.mp4: 384x640 3 NonViolences, 37.9ms
video 1/1 (218/736) D:\yolo_.mp4: 384x640 3 NonViolences, 1 Violence, 37.9ms
video 1/1 (219/736) D:\yolo_.mp4: 384x640 3 NonViolences, 1 Violence, 37.9ms
video 1/1 (220/736) D:\yolo_.mp4: 384x640 3 NonViolences, 37.9ms
video 1/1 (221/736) D:\yolo_.mp4: 384x640 3 NonViolences, 44.9ms
video 1/1 (222/736) D:\yolo_.mp4: 384x640 3 NonViolences, 41.9ms
video 1/1 (223/736) D:\yolo_.mp4: 384x640 3 NonViolences, 44.9ms
video 1/1 (224/736) D:\yolo_.mp4: 384x640 4 NonViolences, 19.9ms
video 1/1 (225/736) D:\yolo_.mp4: 384x640 4 NonViolences, 19.9ms
video 1/1 (226/736) D:\yolo_.mp4: 384x640 4 NonViolences, 17.0ms
video 1/1 (227/736) D:\yolo_.mp4: 384x640 5 NonViolences, 1 Violence, 17.0ms
video 1/1 (228/736) D:\yolo_.mp4: 384x640 5 NonViolences, 1 Violence, 17.0ms
video 1/1 (229/736) D:\yolo_.mp4: 384x640 4 NonViolences, 1 Violence, 17.0ms
video 1/1 (230/736) D:\yolo_.mp4: 384x640 4 NonViolences, 16.9ms
video 1/1 (231/736) D:\yolo_.mp4: 384x640 4 NonViolences, 18.0ms
video 1/1 (232/736) D:\yolo_.mp4: 384x640 4 NonViolences, 16.9ms
video 1/1 (233/736) D:\yolo_.mp4: 384x640 4 NonViolences, 17.9ms
video 1/1 (234/736) D:\yolo_.mp4: 384x640 4 NonViolences, 16.9ms
video 1/1 (235/736) D:\yolo_.mp4: 384x640 4 NonViolences, 18.0ms
video 1/1 (236/736) D:\yolo_.mp4: 384x640 4 NonViolences, 18.0ms
video 1/1 (237/736) D:\yolo_.mp4: 384x640 4 NonViolences, 16.9ms
video 1/1 (238/736) D:\yolo_.mp4: 384x640 4 NonViolences, 17.0ms
video 1/1 (239/736) D:\yolo_.mp4: 384x640 4 NonViolences, 18.0ms
video 1/1 (240/736) D:\yolo_.mp4: 384x640 4 NonViolences, 16.9ms
video 1/1 (241/736) D:\yolo_.mp4: 384x640 4 NonViolences, 18.0ms
video 1/1 (242/736) D:\yolo_.mp4: 384x640 3 NonViolences, 16.9ms
video 1/1 (243/736) D:\yolo_.mp4: 384x640 3 NonViolences, 17.0ms
video 1/1 (244/736) D:\yolo_.mp4: 384x640 3 NonViolences, 42.9ms
video 1/1 (245/736) D:\yolo_.mp4: 384x640 3 NonViolences, 43.9ms
video 1/1 (246/736) D:\yolo_.mp4: 384x640 3 NonViolences, 36.9ms
video 1/1 (247/736) D:\yolo_.mp4: 384x640 3 NonViolences, 37.9ms
video 1/1 (248/736) D:\yolo_.mp4: 384x640 2 NonViolences, 36.9ms
video 1/1 (249/736) D:\yolo_.mp4: 384x640 3 NonViolences, 36.9ms
video 1/1 (250/736) D:\yolo_.mp4: 384x640 3 NonViolences, 36.8ms
video 1/1 (251/736) D:\yolo_.mp4: 384x640 3 NonViolences, 36.9ms
video 1/1 (252/736) D:\yolo_.mp4: 384x640 3 NonViolences, 37.9ms
video 1/1 (253/736) D:\yolo_.mp4: 384x640 3 NonViolences, 1 Violence, 36.9ms
video 1/1 (254/736) D:\yolo_.mp4: 384x640 3 NonViolences, 37.9ms
video 1/1 (255/736) D:\yolo_.mp4: 384x640 3 NonViolences, 39.9ms
video 1/1 (256/736) D:\yolo_.mp4: 384x640 3 NonViolences, 38.9ms
video 1/1 (257/736) D:\yolo_.mp4: 384x640 3 NonViolences, 39.9ms
video 1/1 (258/736) D:\yolo_.mp4: 384x640 3 NonViolences, 42.9ms
video 1/1 (259/736) D:\yolo_.mp4: 384x640 3 NonViolences, 1 Violence, 36.9ms
video 1/1 (260/736) D:\yolo_.mp4: 384x640 3 NonViolences, 1 Violence, 36.9ms
video 1/1 (261/736) D:\yolo_.mp4: 384x640 3 NonViolences, 1 Violence, 36.9ms
video 1/1 (262/736) D:\yolo_.mp4: 384x640 3 NonViolences, 36.9ms
video 1/1 (263/736) D:\yolo_.mp4: 384x640 3 NonViolences, 1 Violence, 38.9ms
video 1/1 (264/736) D:\yolo_.mp4: 384x640 2 NonViolences, 1 Violence, 41.9ms
video 1/1 (265/736) D:\yolo_.mp4: 384x640 2 NonViolences, 1 Violence, 40.9ms
video 1/1 (266/736) D:\yolo_.mp4: 384x640 2 NonViolences, 1 Violence, 36.9ms
video 1/1 (267/736) D:\yolo_.mp4: 384x640 3 NonViolences, 1 Violence, 36.9ms
video 1/1 (268/736) D:\yolo_.mp4: 384x640 3 NonViolences, 1 Violence, 36.9ms
video 1/1 (269/736) D:\yolo_.mp4: 384x640 3 NonViolences, 1 Violence, 36.9ms
video 1/1 (270/736) D:\yolo_.mp4: 384x640 3 NonViolences, 1 Violence, 36.9ms
video 1/1 (271/736) D:\yolo_.mp4: 384x640 3 NonViolences, 1 Violence, 36.9ms
video 1/1 (272/736) D:\yolo_.mp4: 384x640 3 NonViolences, 1 Violence, 36.9ms
video 1/1 (273/736) D:\yolo_.mp4: 384x640 3 NonViolences, 1 Violence, 36.8ms
video 1/1 (274/736) D:\yolo_.mp4: 384x640 3 NonViolences, 1 Violence, 18.0ms
video 1/1 (275/736) D:\yolo_.mp4: 384x640 3 NonViolences, 16.9ms
video 1/1 (276/736) D:\yolo_.mp4: 384x640 3 NonViolences, 17.9ms
video 1/1 (277/736) D:\yolo_.mp4: 384x640 3 NonViolences, 18.9ms
video 1/1 (278/736) D:\yolo_.mp4: 384x640 3 NonViolences, 19.9ms
video 1/1 (279/736) D:\yolo_.mp4: 384x640 3 NonViolences, 19.9ms
video 1/1 (280/736) D:\yolo_.mp4: 384x640 3 NonViolences, 19.9ms
video 1/1 (281/736) D:\yolo_.mp4: 384x640 3 NonViolences, 18.0ms
video 1/1 (282/736) D:\yolo_.mp4: 384x640 2 NonViolences, 17.9ms
video 1/1 (283/736) D:\yolo_.mp4: 384x640 1 NonViolence, 1 Violence, 17.0ms
video 1/1 (284/736) D:\yolo_.mp4: 384x640 1 NonViolence, 1 Violence, 16.9ms
video 1/1 (285/736) D:\yolo_.mp4: 384x640 2 NonViolences, 1 Violence, 19.9ms
video 1/1 (286/736) D:\yolo_.mp4: 384x640 2 NonViolences, 19.9ms
video 1/1 (287/736) D:\yolo_.mp4: 384x640 2 NonViolences, 1 Violence, 19.9ms
video 1/1 (288/736) D:\yolo_.mp4: 384x640 1 NonViolence, 1 Violence, 16.9ms
video 1/1 (289/736) D:\yolo_.mp4: 384x640 1 NonViolence, 1 Violence, 18.0ms
video 1/1 (290/736) D:\yolo_.mp4: 384x640 1 NonViolence, 1 Violence, 17.9ms
video 1/1 (291/736) D:\yolo_.mp4: 384x640 1 NonViolence, 1 Violence, 17.9ms
video 1/1 (292/736) D:\yolo_.mp4: 384x640 1 NonViolence, 1 Violence, 18.0ms
video 1/1 (293/736) D:\yolo_.mp4: 384x640 1 NonViolence, 1 Violence, 17.9ms
video 1/1 (294/736) D:\yolo_.mp4: 384x640 1 NonViolence, 1 Violence, 18.0ms
video 1/1 (295/736) D:\yolo_.mp4: 384x640 1 NonViolence, 1 Violence, 46.9ms
video 1/1 (296/736) D:\yolo_.mp4: 384x640 1 NonViolence, 1 Violence, 38.9ms
video 1/1 (297/736) D:\yolo_.mp4: 384x640 1 NonViolence, 1 Violence, 38.9ms
video 1/1 (298/736) D:\yolo_.mp4: 384x640 1 NonViolence, 1 Violence, 39.8ms
video 1/1 (299/736) D:\yolo_.mp4: 384x640 1 NonViolence, 1 Violence, 39.9ms
video 1/1 (300/736) D:\yolo_.mp4: 384x640 1 NonViolence, 1 Violence, 38.9ms
video 1/1 (301/736) D:\yolo_.mp4: 384x640 1 NonViolence, 1 Violence, 38.9ms
video 1/1 (302/736) D:\yolo_.mp4: 384x640 1 NonViolence, 1 Violence, 39.9ms
video 1/1 (303/736) D:\yolo_.mp4: 384x640 1 NonViolence, 1 Violence, 42.9ms
video 1/1 (304/736) D:\yolo_.mp4: 384x640 1 NonViolence, 1 Violence, 42.9ms
video 1/1 (305/736) D:\yolo_.mp4: 384x640 1 NonViolence, 1 Violence, 36.9ms
video 1/1 (306/736) D:\yolo_.mp4: 384x640 1 NonViolence, 1 Violence, 36.9ms
video 1/1 (307/736) D:\yolo_.mp4: 384x640 1 NonViolence, 1 Violence, 36.9ms
video 1/1 (308/736) D:\yolo_.mp4: 384x640 1 NonViolence, 1 Violence, 37.9ms
video 1/1 (309/736) D:\yolo_.mp4: 384x640 1 NonViolence, 1 Violence, 37.9ms
video 1/1 (310/736) D:\yolo_.mp4: 384x640 1 NonViolence, 1 Violence, 37.9ms
video 1/1 (311/736) D:\yolo_.mp4: 384x640 1 NonViolence, 1 Violence, 37.9ms
video 1/1 (312/736) D:\yolo_.mp4: 384x640 1 NonViolence, 1 Violence, 36.9ms
video 1/1 (313/736) D:\yolo_.mp4: 384x640 1 NonViolence, 1 Violence, 37.9ms
video 1/1 (314/736) D:\yolo_.mp4: 384x640 1 NonViolence, 1 Violence, 40.9ms
video 1/1 (315/736) D:\yolo_.mp4: 384x640 1 NonViolence, 1 Violence, 38.9ms
video 1/1 (316/736) D:\yolo_.mp4: 384x640 1 NonViolence, 1 Violence, 40.9ms
video 1/1 (317/736) D:\yolo_.mp4: 384x640 1 NonViolence, 1 Violence, 18.9ms
video 1/1 (318/736) D:\yolo_.mp4: 384x640 1 NonViolence, 1 Violence, 18.0ms
video 1/1 (319/736) D:\yolo_.mp4: 384x640 1 NonViolence, 1 Violence, 18.0ms
video 1/1 (320/736) D:\yolo_.mp4: 384x640 2 NonViolences, 1 Violence, 18.0ms
video 1/1 (321/736) D:\yolo_.mp4: 384x640 1 NonViolence, 1 Violence, 17.0ms
video 1/1 (322/736) D:\yolo_.mp4: 384x640 1 Violence, 17.9ms
video 1/1 (323/736) D:\yolo_.mp4: 384x640 1 NonViolence, 1 Violence, 18.0ms
video 1/1 (324/736) D:\yolo_.mp4: 384x640 1 NonViolence, 1 Violence, 18.9ms
video 1/1 (325/736) D:\yolo_.mp4: 384x640 1 NonViolence, 1 Violence, 18.9ms
video 1/1 (326/736) D:\yolo_.mp4: 384x640 1 NonViolence, 1 Violence, 17.9ms
video 1/1 (327/736) D:\yolo_.mp4: 384x640 1 NonViolence, 1 Violence, 17.9ms
video 1/1 (328/736) D:\yolo_.mp4: 384x640 1 NonViolence, 1 Violence, 17.9ms
video 1/1 (329/736) D:\yolo_.mp4: 384x640 1 NonViolence, 1 Violence, 18.0ms
video 1/1 (330/736) D:\yolo_.mp4: 384x640 1 NonViolence, 1 Violence, 18.0ms
video 1/1 (331/736) D:\yolo_.mp4: 384x640 1 NonViolence, 1 Violence, 18.0ms
video 1/1 (332/736) D:\yolo_.mp4: 384x640 1 NonViolence, 1 Violence, 19.9ms
video 1/1 (333/736) D:\yolo_.mp4: 384x640 2 NonViolences, 1 Violence, 18.0ms
video 1/1 (334/736) D:\yolo_.mp4: 384x640 2 NonViolences, 1 Violence, 18.0ms
video 1/1 (335/736) D:\yolo_.mp4: 384x640 2 NonViolences, 1 Violence, 17.0ms
video 1/1 (336/736) D:\yolo_.mp4: 384x640 1 NonViolence, 1 Violence, 17.9ms
video 1/1 (337/736) D:\yolo_.mp4: 384x640 2 NonViolences, 1 Violence, 18.0ms
video 1/1 (338/736) D:\yolo_.mp4: 384x640 2 NonViolences, 1 Violence, 37.9ms
video 1/1 (339/736) D:\yolo_.mp4: 384x640 1 NonViolence, 1 Violence, 38.8ms
video 1/1 (340/736) D:\yolo_.mp4: 384x640 1 NonViolence, 1 Violence, 37.9ms
video 1/1 (341/736) D:\yolo_.mp4: 384x640 2 NonViolences, 1 Violence, 38.9ms
video 1/1 (342/736) D:\yolo_.mp4: 384x640 2 NonViolences, 1 Violence, 37.9ms
video 1/1 (343/736) D:\yolo_.mp4: 384x640 1 NonViolence, 40.9ms
video 1/1 (344/736) D:\yolo_.mp4: 384x640 1 NonViolence, 42.9ms
video 1/1 (345/736) D:\yolo_.mp4: 384x640 1 NonViolence, 39.8ms
video 1/1 (346/736) D:\yolo_.mp4: 384x640 1 NonViolence, 1 Violence, 42.9ms
video 1/1 (347/736) D:\yolo_.mp4: 384x640 1 NonViolence, 1 Violence, 43.9ms
video 1/1 (348/736) D:\yolo_.mp4: 384x640 1 NonViolence, 37.9ms
video 1/1 (349/736) D:\yolo_.mp4: 384x640 1 NonViolence, 18.0ms
video 1/1 (350/736) D:\yolo_.mp4: 384x640 1 NonViolence, 17.9ms
video 1/1 (351/736) D:\yolo_.mp4: 384x640 1 NonViolence, 18.9ms
video 1/1 (352/736) D:\yolo_.mp4: 384x640 1 NonViolence, 18.0ms
video 1/1 (353/736) D:\yolo_.mp4: 384x640 1 NonViolence, 16.9ms
video 1/1 (354/736) D:\yolo_.mp4: 384x640 1 NonViolence, 1 Violence, 18.0ms
video 1/1 (355/736) D:\yolo_.mp4: 384x640 1 NonViolence, 1 Violence, 18.0ms
video 1/1 (356/736) D:\yolo_.mp4: 384x640 1 NonViolence, 1 Violence, 19.9ms
video 1/1 (357/736) D:\yolo_.mp4: 384x640 1 Violence, 18.9ms
video 1/1 (358/736) D:\yolo_.mp4: 384x640 1 NonViolence, 1 Violence, 18.0ms
video 1/1 (359/736) D:\yolo_.mp4: 384x640 1 NonViolence, 1 Violence, 18.0ms
video 1/1 (360/736) D:\yolo_.mp4: 384x640 1 NonViolence, 1 Violence, 17.0ms
video 1/1 (361/736) D:\yolo_.mp4: 384x640 1 NonViolence, 1 Violence, 18.0ms
video 1/1 (362/736) D:\yolo_.mp4: 384x640 1 NonViolence, 1 Violence, 17.0ms
video 1/1 (363/736) D:\yolo_.mp4: 384x640 1 NonViolence, 1 Violence, 16.9ms
video 1/1 (364/736) D:\yolo_.mp4: 384x640 1 NonViolence, 1 Violence, 18.9ms
video 1/1 (365/736) D:\yolo_.mp4: 384x640 2 NonViolences, 16.9ms
video 1/1 (366/736) D:\yolo_.mp4: 384x640 1 NonViolence, 18.0ms
video 1/1 (367/736) D:\yolo_.mp4: 384x640 1 NonViolence, 17.9ms
video 1/1 (368/736) D:\yolo_.mp4: 384x640 1 NonViolence, 16.9ms
video 1/1 (369/736) D:\yolo_.mp4: 384x640 1 NonViolence, 17.9ms
video 1/1 (370/736) D:\yolo_.mp4: 384x640 1 NonViolence, 25.9ms
video 1/1 (371/736) D:\yolo_.mp4: 384x640 1 NonViolence, 43.9ms
video 1/1 (372/736) D:\yolo_.mp4: 384x640 1 NonViolence, 1 Violence, 44.8ms
video 1/1 (373/736) D:\yolo_.mp4: 384x640 1 NonViolence, 1 Violence, 45.9ms
video 1/1 (374/736) D:\yolo_.mp4: 384x640 1 NonViolence, 1 Violence, 37.9ms
video 1/1 (375/736) D:\yolo_.mp4: 384x640 1 NonViolence, 1 Violence, 37.9ms
video 1/1 (376/736) D:\yolo_.mp4: 384x640 1 NonViolence, 1 Violence, 36.9ms
video 1/1 (377/736) D:\yolo_.mp4: 384x640 1 NonViolence, 1 Violence, 37.9ms
video 1/1 (378/736) D:\yolo_.mp4: 384x640 1 NonViolence, 1 Violence, 37.9ms
video 1/1 (379/736) D:\yolo_.mp4: 384x640 1 NonViolence, 1 Violence, 42.9ms
video 1/1 (380/736) D:\yolo_.mp4: 384x640 1 NonViolence, 1 Violence, 44.9ms
video 1/1 (381/736) D:\yolo_.mp4: 384x640 1 NonViolence, 1 Violence, 16.9ms
video 1/1 (382/736) D:\yolo_.mp4: 384x640 1 NonViolence, 1 Violence, 16.9ms
video 1/1 (383/736) D:\yolo_.mp4: 384x640 1 NonViolence, 1 Violence, 18.9ms
video 1/1 (384/736) D:\yolo_.mp4: 384x640 1 Violence, 17.0ms
video 1/1 (385/736) D:\yolo_.mp4: 384x640 1 Violence, 17.0ms
video 1/1 (386/736) D:\yolo_.mp4: 384x640 1 NonViolence, 1 Violence, 16.9ms
video 1/1 (387/736) D:\yolo_.mp4: 384x640 1 NonViolence, 1 Violence, 18.0ms
video 1/1 (388/736) D:\yolo_.mp4: 384x640 1 Violence, 18.0ms
video 1/1 (389/736) D:\yolo_.mp4: 384x640 1 Violence, 18.0ms
video 1/1 (390/736) D:\yolo_.mp4: 384x640 1 Violence, 19.9ms
video 1/1 (391/736) D:\yolo_.mp4: 384x640 1 Violence, 17.0ms
video 1/1 (392/736) D:\yolo_.mp4: 384x640 1 Violence, 17.0ms
video 1/1 (393/736) D:\yolo_.mp4: 384x640 1 Violence, 17.0ms
video 1/1 (394/736) D:\yolo_.mp4: 384x640 1 Violence, 16.9ms
video 1/1 (395/736) D:\yolo_.mp4: 384x640 1 Violence, 17.0ms
video 1/1 (396/736) D:\yolo_.mp4: 384x640 1 Violence, 18.9ms
video 1/1 (397/736) D:\yolo_.mp4: 384x640 1 Violence, 18.9ms
video 1/1 (398/736) D:\yolo_.mp4: 384x640 1 Violence, 18.0ms
video 1/1 (399/736) D:\yolo_.mp4: 384x640 1 Violence, 18.0ms
video 1/1 (400/736) D:\yolo_.mp4: 384x640 1 Violence, 18.0ms
video 1/1 (401/736) D:\yolo_.mp4: 384x640 1 Violence, 18.0ms
video 1/1 (402/736) D:\yolo_.mp4: 384x640 1 Violence, 27.9ms
video 1/1 (403/736) D:\yolo_.mp4: 384x640 1 Violence, 38.8ms
video 1/1 (404/736) D:\yolo_.mp4: 384x640 1 Violence, 38.8ms
video 1/1 (405/736) D:\yolo_.mp4: 384x640 1 Violence, 38.8ms
video 1/1 (406/736) D:\yolo_.mp4: 384x640 1 Violence, 37.9ms
video 1/1 (407/736) D:\yolo_.mp4: 384x640 1 Violence, 38.9ms
video 1/1 (408/736) D:\yolo_.mp4: 384x640 1 Violence, 40.9ms
video 1/1 (409/736) D:\yolo_.mp4: 384x640 1 Violence, 42.9ms
video 1/1 (410/736) D:\yolo_.mp4: 384x640 1 Violence, 42.9ms
video 1/1 (411/736) D:\yolo_.mp4: 384x640 1 Violence, 36.9ms
video 1/1 (412/736) D:\yolo_.mp4: 384x640 1 Violence, 37.9ms
video 1/1 (413/736) D:\yolo_.mp4: 384x640 1 Violence, 37.9ms
video 1/1 (414/736) D:\yolo_.mp4: 384x640 1 Violence, 36.9ms
video 1/1 (415/736) D:\yolo_.mp4: 384x640 1 Violence, 36.9ms
video 1/1 (416/736) D:\yolo_.mp4: 384x640 (no detections), 37.9ms
video 1/1 (417/736) D:\yolo_.mp4: 384x640 1 Violence, 36.9ms
video 1/1 (418/736) D:\yolo_.mp4: 384x640 1 NonViolence, 1 Violence, 36.9ms
video 1/1 (419/736) D:\yolo_.mp4: 384x640 1 NonViolence, 1 Violence, 39.9ms
video 1/1 (420/736) D:\yolo_.mp4: 384x640 1 NonViolence, 1 Violence, 40.9ms
video 1/1 (421/736) D:\yolo_.mp4: 384x640 1 NonViolence, 1 Violence, 39.9ms
video 1/1 (422/736) D:\yolo_.mp4: 384x640 1 NonViolence, 1 Violence, 36.9ms
video 1/1 (423/736) D:\yolo_.mp4: 384x640 1 NonViolence, 1 Violence, 36.9ms
video 1/1 (424/736) D:\yolo_.mp4: 384x640 1 NonViolence, 1 Violence, 35.9ms
video 1/1 (425/736) D:\yolo_.mp4: 384x640 1 NonViolence, 1 Violence, 36.9ms
video 1/1 (426/736) D:\yolo_.mp4: 384x640 1 NonViolence, 1 Violence, 36.9ms
video 1/1 (427/736) D:\yolo_.mp4: 384x640 1 NonViolence, 1 Violence, 36.9ms
video 1/1 (428/736) D:\yolo_.mp4: 384x640 1 NonViolence, 1 Violence, 35.9ms
video 1/1 (429/736) D:\yolo_.mp4: 384x640 1 NonViolence, 1 Violence, 36.8ms
video 1/1 (430/736) D:\yolo_.mp4: 384x640 1 NonViolence, 1 Violence, 36.9ms
video 1/1 (431/736) D:\yolo_.mp4: 384x640 1 NonViolence, 1 Violence, 36.9ms
video 1/1 (432/736) D:\yolo_.mp4: 384x640 1 NonViolence, 1 Violence, 36.9ms
video 1/1 (433/736) D:\yolo_.mp4: 384x640 1 NonViolence, 1 Violence, 38.9ms
video 1/1 (434/736) D:\yolo_.mp4: 384x640 1 NonViolence, 1 Violence, 18.0ms
video 1/1 (435/736) D:\yolo_.mp4: 384x640 1 Violence, 18.0ms
video 1/1 (436/736) D:\yolo_.mp4: 384x640 1 NonViolence, 1 Violence, 17.9ms
video 1/1 (437/736) D:\yolo_.mp4: 384x640 1 NonViolence, 1 Violence, 17.0ms
video 1/1 (438/736) D:\yolo_.mp4: 384x640 1 Violence, 18.0ms
video 1/1 (439/736) D:\yolo_.mp4: 384x640 1 Violence, 18.0ms
video 1/1 (440/736) D:\yolo_.mp4: 384x640 1 Violence, 17.0ms
video 1/1 (441/736) D:\yolo_.mp4: 384x640 1 Violence, 19.9ms
video 1/1 (442/736) D:\yolo_.mp4: 384x640 1 NonViolence, 1 Violence, 19.9ms
video 1/1 (443/736) D:\yolo_.mp4: 384x640 1 NonViolence, 1 Violence, 18.0ms
video 1/1 (444/736) D:\yolo_.mp4: 384x640 1 NonViolence, 1 Violence, 17.9ms
video 1/1 (445/736) D:\yolo_.mp4: 384x640 1 NonViolence, 1 Violence, 17.9ms
video 1/1 (446/736) D:\yolo_.mp4: 384x640 1 NonViolence, 1 Violence, 18.0ms
video 1/1 (447/736) D:\yolo_.mp4: 384x640 1 NonViolence, 1 Violence, 16.9ms
video 1/1 (448/736) D:\yolo_.mp4: 384x640 1 NonViolence, 1 Violence, 18.9ms
video 1/1 (449/736) D:\yolo_.mp4: 384x640 1 NonViolence, 1 Violence, 17.9ms
video 1/1 (450/736) D:\yolo_.mp4: 384x640 1 Violence, 18.9ms
video 1/1 (451/736) D:\yolo_.mp4: 384x640 1 Violence, 16.9ms
video 1/1 (452/736) D:\yolo_.mp4: 384x640 1 Violence, 16.9ms
video 1/1 (453/736) D:\yolo_.mp4: 384x640 1 Violence, 18.0ms
video 1/1 (454/736) D:\yolo_.mp4: 384x640 1 Violence, 17.0ms
video 1/1 (455/736) D:\yolo_.mp4: 384x640 1 Violence, 42.9ms
video 1/1 (456/736) D:\yolo_.mp4: 384x640 1 Violence, 38.9ms
video 1/1 (457/736) D:\yolo_.mp4: 384x640 1 NonViolence, 1 Violence, 42.9ms
video 1/1 (458/736) D:\yolo_.mp4: 384x640 1 NonViolence, 38.9ms
video 1/1 (459/736) D:\yolo_.mp4: 384x640 1 NonViolence, 1 Violence, 37.9ms
video 1/1 (460/736) D:\yolo_.mp4: 384x640 1 NonViolence, 1 Violence, 38.8ms
video 1/1 (461/736) D:\yolo_.mp4: 384x640 1 NonViolence, 1 Violence, 38.9ms
video 1/1 (462/736) D:\yolo_.mp4: 384x640 1 NonViolence, 1 Violence, 40.9ms
video 1/1 (463/736) D:\yolo_.mp4: 384x640 1 NonViolence, 1 Violence, 40.9ms
video 1/1 (464/736) D:\yolo_.mp4: 384x640 1 NonViolence, 1 Violence, 38.9ms
video 1/1 (465/736) D:\yolo_.mp4: 384x640 1 NonViolence, 1 Violence, 40.9ms
video 1/1 (466/736) D:\yolo_.mp4: 384x640 1 NonViolence, 1 Violence, 43.9ms
video 1/1 (467/736) D:\yolo_.mp4: 384x640 1 NonViolence, 1 Violence, 37.9ms
video 1/1 (468/736) D:\yolo_.mp4: 384x640 1 Violence, 36.9ms
video 1/1 (469/736) D:\yolo_.mp4: 384x640 1 Violence, 37.9ms
video 1/1 (470/736) D:\yolo_.mp4: 384x640 1 Violence, 36.9ms
video 1/1 (471/736) D:\yolo_.mp4: 384x640 1 Violence, 36.9ms
video 1/1 (472/736) D:\yolo_.mp4: 384x640 1 Violence, 36.9ms
video 1/1 (473/736) D:\yolo_.mp4: 384x640 1 Violence, 37.9ms
video 1/1 (474/736) D:\yolo_.mp4: 384x640 1 Violence, 36.9ms
video 1/1 (475/736) D:\yolo_.mp4: 384x640 1 Violence, 41.8ms
video 1/1 (476/736) D:\yolo_.mp4: 384x640 1 Violence, 42.9ms
video 1/1 (477/736) D:\yolo_.mp4: 384x640 1 Violence, 40.9ms
video 1/1 (478/736) D:\yolo_.mp4: 384x640 1 Violence, 41.8ms
video 1/1 (479/736) D:\yolo_.mp4: 384x640 1 Violence, 17.9ms
video 1/1 (480/736) D:\yolo_.mp4: 384x640 1 Violence, 17.0ms
video 1/1 (481/736) D:\yolo_.mp4: 384x640 1 Violence, 16.9ms
video 1/1 (482/736) D:\yolo_.mp4: 384x640 1 Violence, 16.9ms
video 1/1 (483/736) D:\yolo_.mp4: 384x640 1 Violence, 17.0ms
video 1/1 (484/736) D:\yolo_.mp4: 384x640 1 Violence, 18.9ms
video 1/1 (485/736) D:\yolo_.mp4: 384x640 1 Violence, 16.9ms
video 1/1 (486/736) D:\yolo_.mp4: 384x640 1 Violence, 17.0ms
video 1/1 (487/736) D:\yolo_.mp4: 384x640 1 Violence, 16.9ms
video 1/1 (488/736) D:\yolo_.mp4: 384x640 1 Violence, 18.0ms
video 1/1 (489/736) D:\yolo_.mp4: 384x640 1 Violence, 17.0ms
video 1/1 (490/736) D:\yolo_.mp4: 384x640 1 Violence, 17.0ms
video 1/1 (491/736) D:\yolo_.mp4: 384x640 1 Violence, 19.9ms
video 1/1 (492/736) D:\yolo_.mp4: 384x640 1 Violence, 18.0ms
video 1/1 (493/736) D:\yolo_.mp4: 384x640 1 Violence, 18.0ms
video 1/1 (494/736) D:\yolo_.mp4: 384x640 1 Violence, 16.9ms
video 1/1 (495/736) D:\yolo_.mp4: 384x640 1 Violence, 16.9ms
video 1/1 (496/736) D:\yolo_.mp4: 384x640 1 Violence, 17.0ms
video 1/1 (497/736) D:\yolo_.mp4: 384x640 1 Violence, 16.9ms
video 1/1 (498/736) D:\yolo_.mp4: 384x640 1 Violence, 18.9ms
video 1/1 (499/736) D:\yolo_.mp4: 384x640 1 Violence, 18.0ms
video 1/1 (500/736) D:\yolo_.mp4: 384x640 1 Violence, 17.0ms
video 1/1 (501/736) D:\yolo_.mp4: 384x640 1 Violence, 37.9ms
video 1/1 (502/736) D:\yolo_.mp4: 384x640 1 Violence, 37.9ms
video 1/1 (503/736) D:\yolo_.mp4: 384x640 (no detections), 38.9ms
video 1/1 (504/736) D:\yolo_.mp4: 384x640 (no detections), 37.9ms
video 1/1 (505/736) D:\yolo_.mp4: 384x640 1 Violence, 37.9ms
video 1/1 (506/736) D:\yolo_.mp4: 384x640 1 Violence, 36.9ms
video 1/1 (507/736) D:\yolo_.mp4: 384x640 1 Violence, 37.9ms
video 1/1 (508/736) D:\yolo_.mp4: 384x640 1 Violence, 39.9ms
video 1/1 (509/736) D:\yolo_.mp4: 384x640 1 Violence, 37.9ms
video 1/1 (510/736) D:\yolo_.mp4: 384x640 1 Violence, 39.9ms
video 1/1 (511/736) D:\yolo_.mp4: 384x640 1 Violence, 42.9ms
video 1/1 (512/736) D:\yolo_.mp4: 384x640 1 Violence, 42.9ms
video 1/1 (513/736) D:\yolo_.mp4: 384x640 1 Violence, 40.9ms
video 1/1 (514/736) D:\yolo_.mp4: 384x640 1 Violence, 36.9ms
video 1/1 (515/736) D:\yolo_.mp4: 384x640 1 Violence, 36.9ms
video 1/1 (516/736) D:\yolo_.mp4: 384x640 1 NonViolence, 1 Violence, 36.9ms
video 1/1 (517/736) D:\yolo_.mp4: 384x640 1 Violence, 36.9ms
video 1/1 (518/736) D:\yolo_.mp4: 384x640 (no detections), 36.9ms
video 1/1 (519/736) D:\yolo_.mp4: 384x640 (no detections), 41.9ms
video 1/1 (520/736) D:\yolo_.mp4: 384x640 2 NonViolences, 18.0ms
video 1/1 (521/736) D:\yolo_.mp4: 384x640 1 NonViolence, 17.9ms
video 1/1 (522/736) D:\yolo_.mp4: 384x640 1 NonViolence, 17.9ms
video 1/1 (523/736) D:\yolo_.mp4: 384x640 1 NonViolence, 19.9ms
video 1/1 (524/736) D:\yolo_.mp4: 384x640 1 NonViolence, 18.0ms
video 1/1 (525/736) D:\yolo_.mp4: 384x640 1 NonViolence, 19.9ms
video 1/1 (526/736) D:\yolo_.mp4: 384x640 1 NonViolence, 19.9ms
video 1/1 (527/736) D:\yolo_.mp4: 384x640 1 NonViolence, 18.0ms
video 1/1 (528/736) D:\yolo_.mp4: 384x640 1 NonViolence, 18.0ms
video 1/1 (529/736) D:\yolo_.mp4: 384x640 1 NonViolence, 17.9ms
video 1/1 (530/736) D:\yolo_.mp4: 384x640 1 NonViolence, 17.9ms
video 1/1 (531/736) D:\yolo_.mp4: 384x640 2 NonViolences, 18.0ms
video 1/1 (532/736) D:\yolo_.mp4: 384x640 2 NonViolences, 18.9ms
video 1/1 (533/736) D:\yolo_.mp4: 384x640 2 NonViolences, 18.9ms
video 1/1 (534/736) D:\yolo_.mp4: 384x640 2 NonViolences, 18.0ms
video 1/1 (535/736) D:\yolo_.mp4: 384x640 1 NonViolence, 17.0ms
video 1/1 (536/736) D:\yolo_.mp4: 384x640 1 NonViolence, 17.9ms
video 1/1 (537/736) D:\yolo_.mp4: 384x640 1 NonViolence, 18.0ms
video 1/1 (538/736) D:\yolo_.mp4: 384x640 1 NonViolence, 18.0ms
video 1/1 (539/736) D:\yolo_.mp4: 384x640 1 NonViolence, 17.0ms
video 1/1 (540/736) D:\yolo_.mp4: 384x640 1 NonViolence, 19.9ms
video 1/1 (541/736) D:\yolo_.mp4: 384x640 1 NonViolence, 39.9ms
video 1/1 (542/736) D:\yolo_.mp4: 384x640 1 NonViolence, 40.9ms
video 1/1 (543/736) D:\yolo_.mp4: 384x640 1 NonViolence, 42.9ms
video 1/1 (544/736) D:\yolo_.mp4: 384x640 1 NonViolence, 40.9ms
video 1/1 (545/736) D:\yolo_.mp4: 384x640 1 NonViolence, 37.9ms
video 1/1 (546/736) D:\yolo_.mp4: 384x640 1 NonViolence, 38.3ms
video 1/1 (547/736) D:\yolo_.mp4: 384x640 1 NonViolence, 1 Violence, 37.9ms
video 1/1 (548/736) D:\yolo_.mp4: 384x640 1 NonViolence, 37.9ms
video 1/1 (549/736) D:\yolo_.mp4: 384x640 1 NonViolence, 37.9ms
video 1/1 (550/736) D:\yolo_.mp4: 384x640 1 NonViolence, 37.9ms
video 1/1 (551/736) D:\yolo_.mp4: 384x640 1 NonViolence, 36.9ms
video 1/1 (552/736) D:\yolo_.mp4: 384x640 2 NonViolences, 37.9ms
video 1/1 (553/736) D:\yolo_.mp4: 384x640 2 NonViolences, 42.9ms
video 1/1 (554/736) D:\yolo_.mp4: 384x640 2 NonViolences, 37.9ms
video 1/1 (555/736) D:\yolo_.mp4: 384x640 2 NonViolences, 36.9ms
video 1/1 (556/736) D:\yolo_.mp4: 384x640 2 NonViolences, 36.9ms
video 1/1 (557/736) D:\yolo_.mp4: 384x640 2 NonViolences, 39.9ms
video 1/1 (558/736) D:\yolo_.mp4: 384x640 2 NonViolences, 37.9ms
video 1/1 (559/736) D:\yolo_.mp4: 384x640 2 NonViolences, 17.0ms
video 1/1 (560/736) D:\yolo_.mp4: 384x640 1 NonViolence, 16.9ms
video 1/1 (561/736) D:\yolo_.mp4: 384x640 1 NonViolence, 17.0ms
video 1/1 (562/736) D:\yolo_.mp4: 384x640 1 NonViolence, 18.9ms
video 1/1 (563/736) D:\yolo_.mp4: 384x640 1 NonViolence, 18.9ms
video 1/1 (564/736) D:\yolo_.mp4: 384x640 2 NonViolences, 16.9ms
video 1/1 (565/736) D:\yolo_.mp4: 384x640 2 NonViolences, 18.0ms
video 1/1 (566/736) D:\yolo_.mp4: 384x640 2 NonViolences, 18.0ms
video 1/1 (567/736) D:\yolo_.mp4: 384x640 2 NonViolences, 18.0ms
video 1/1 (568/736) D:\yolo_.mp4: 384x640 1 NonViolence, 17.0ms
video 1/1 (569/736) D:\yolo_.mp4: 384x640 1 NonViolence, 19.9ms
video 1/1 (570/736) D:\yolo_.mp4: 384x640 2 NonViolences, 18.0ms
video 1/1 (571/736) D:\yolo_.mp4: 384x640 1 NonViolence, 16.9ms
video 1/1 (572/736) D:\yolo_.mp4: 384x640 1 NonViolence, 17.9ms
video 1/1 (573/736) D:\yolo_.mp4: 384x640 1 NonViolence, 17.0ms
video 1/1 (574/736) D:\yolo_.mp4: 384x640 1 NonViolence, 17.0ms
video 1/1 (575/736) D:\yolo_.mp4: 384x640 1 NonViolence, 19.0ms
video 1/1 (576/736) D:\yolo_.mp4: 384x640 1 NonViolence, 18.0ms
video 1/1 (577/736) D:\yolo_.mp4: 384x640 1 NonViolence, 17.0ms
video 1/1 (578/736) D:\yolo_.mp4: 384x640 1 NonViolence, 18.0ms
video 1/1 (579/736) D:\yolo_.mp4: 384x640 1 NonViolence, 18.0ms
video 1/1 (580/736) D:\yolo_.mp4: 384x640 1 NonViolence, 18.0ms
video 1/1 (581/736) D:\yolo_.mp4: 384x640 1 NonViolence, 37.9ms
video 1/1 (582/736) D:\yolo_.mp4: 384x640 1 NonViolence, 37.9ms
video 1/1 (583/736) D:\yolo_.mp4: 384x640 1 NonViolence, 38.9ms
video 1/1 (584/736) D:\yolo_.mp4: 384x640 1 NonViolence, 38.9ms
video 1/1 (585/736) D:\yolo_.mp4: 384x640 (no detections), 40.9ms
video 1/1 (586/736) D:\yolo_.mp4: 384x640 1 NonViolence, 42.9ms
video 1/1 (587/736) D:\yolo_.mp4: 384x640 1 NonViolence, 40.9ms
video 1/1 (588/736) D:\yolo_.mp4: 384x640 1 Violence, 41.9ms
video 1/1 (589/736) D:\yolo_.mp4: 384x640 1 Violence, 41.8ms
video 1/1 (590/736) D:\yolo_.mp4: 384x640 1 NonViolence, 18.0ms
video 1/1 (591/736) D:\yolo_.mp4: 384x640 1 NonViolence, 19.9ms
video 1/1 (592/736) D:\yolo_.mp4: 384x640 1 NonViolence, 17.0ms
video 1/1 (593/736) D:\yolo_.mp4: 384x640 1 NonViolence, 17.9ms
video 1/1 (594/736) D:\yolo_.mp4: 384x640 1 NonViolence, 18.0ms
video 1/1 (595/736) D:\yolo_.mp4: 384x640 1 NonViolence, 16.9ms
video 1/1 (596/736) D:\yolo_.mp4: 384x640 2 NonViolences, 20.9ms
video 1/1 (597/736) D:\yolo_.mp4: 384x640 2 NonViolences, 19.9ms
video 1/1 (598/736) D:\yolo_.mp4: 384x640 2 NonViolences, 18.0ms
video 1/1 (599/736) D:\yolo_.mp4: 384x640 3 NonViolences, 18.0ms
video 1/1 (600/736) D:\yolo_.mp4: 384x640 2 NonViolences, 17.9ms
video 1/1 (601/736) D:\yolo_.mp4: 384x640 2 NonViolences, 18.0ms
video 1/1 (602/736) D:\yolo_.mp4: 384x640 2 NonViolences, 18.0ms
video 1/1 (603/736) D:\yolo_.mp4: 384x640 3 NonViolences, 1 Violence, 18.0ms
video 1/1 (604/736) D:\yolo_.mp4: 384x640 3 NonViolences, 18.0ms
video 1/1 (605/736) D:\yolo_.mp4: 384x640 3 NonViolences, 1 Violence, 18.0ms
video 1/1 (606/736) D:\yolo_.mp4: 384x640 3 NonViolences, 18.9ms
video 1/1 (607/736) D:\yolo_.mp4: 384x640 3 NonViolences, 1 Violence, 18.0ms
video 1/1 (608/736) D:\yolo_.mp4: 384x640 3 NonViolences, 18.0ms
video 1/1 (609/736) D:\yolo_.mp4: 384x640 3 NonViolences, 18.0ms
video 1/1 (610/736) D:\yolo_.mp4: 384x640 3 NonViolences, 18.0ms
video 1/1 (611/736) D:\yolo_.mp4: 384x640 2 NonViolences, 38.9ms
video 1/1 (612/736) D:\yolo_.mp4: 384x640 3 NonViolences, 38.9ms
video 1/1 (613/736) D:\yolo_.mp4: 384x640 3 NonViolences, 41.9ms
video 1/1 (614/736) D:\yolo_.mp4: 384x640 3 NonViolences, 49.9ms
video 1/1 (615/736) D:\yolo_.mp4: 384x640 3 NonViolences, 38.9ms
video 1/1 (616/736) D:\yolo_.mp4: 384x640 3 NonViolences, 36.9ms
video 1/1 (617/736) D:\yolo_.mp4: 384x640 3 NonViolences, 37.9ms
video 1/1 (618/736) D:\yolo_.mp4: 384x640 3 NonViolences, 37.9ms
video 1/1 (619/736) D:\yolo_.mp4: 384x640 3 NonViolences, 37.9ms
video 1/1 (620/736) D:\yolo_.mp4: 384x640 3 NonViolences, 37.9ms
video 1/1 (621/736) D:\yolo_.mp4: 384x640 3 NonViolences, 38.9ms
video 1/1 (622/736) D:\yolo_.mp4: 384x640 3 NonViolences, 36.9ms
video 1/1 (623/736) D:\yolo_.mp4: 384x640 3 NonViolences, 40.9ms
video 1/1 (624/736) D:\yolo_.mp4: 384x640 2 NonViolences, 39.9ms
video 1/1 (625/736) D:\yolo_.mp4: 384x640 2 NonViolences, 42.9ms
video 1/1 (626/736) D:\yolo_.mp4: 384x640 2 NonViolences, 44.8ms
video 1/1 (627/736) D:\yolo_.mp4: 384x640 2 NonViolences, 16.9ms
video 1/1 (628/736) D:\yolo_.mp4: 384x640 2 NonViolences, 17.0ms
video 1/1 (629/736) D:\yolo_.mp4: 384x640 2 NonViolences, 17.0ms
video 1/1 (630/736) D:\yolo_.mp4: 384x640 2 NonViolences, 18.9ms
video 1/1 (631/736) D:\yolo_.mp4: 384x640 2 NonViolences, 18.0ms
video 1/1 (632/736) D:\yolo_.mp4: 384x640 3 NonViolences, 17.0ms
video 1/1 (633/736) D:\yolo_.mp4: 384x640 3 NonViolences, 16.9ms
video 1/1 (634/736) D:\yolo_.mp4: 384x640 3 NonViolences, 18.0ms
video 1/1 (635/736) D:\yolo_.mp4: 384x640 3 NonViolences, 17.0ms
video 1/1 (636/736) D:\yolo_.mp4: 384x640 3 NonViolences, 18.9ms
video 1/1 (637/736) D:\yolo_.mp4: 384x640 3 NonViolences, 17.9ms
video 1/1 (638/736) D:\yolo_.mp4: 384x640 3 NonViolences, 17.0ms
video 1/1 (639/736) D:\yolo_.mp4: 384x640 3 NonViolences, 17.0ms
video 1/1 (640/736) D:\yolo_.mp4: 384x640 3 NonViolences, 17.0ms
video 1/1 (641/736) D:\yolo_.mp4: 384x640 3 NonViolences, 17.0ms
video 1/1 (642/736) D:\yolo_.mp4: 384x640 3 NonViolences, 16.9ms
video 1/1 (643/736) D:\yolo_.mp4: 384x640 3 NonViolences, 17.0ms
video 1/1 (644/736) D:\yolo_.mp4: 384x640 3 NonViolences, 18.0ms
video 1/1 (645/736) D:\yolo_.mp4: 384x640 3 NonViolences, 18.9ms
video 1/1 (646/736) D:\yolo_.mp4: 384x640 3 NonViolences, 18.9ms
video 1/1 (647/736) D:\yolo_.mp4: 384x640 2 NonViolences, 1 Violence, 16.9ms
video 1/1 (648/736) D:\yolo_.mp4: 384x640 3 NonViolences, 1 Violence, 37.8ms
video 1/1 (649/736) D:\yolo_.mp4: 384x640 3 NonViolences, 39.9ms
video 1/1 (650/736) D:\yolo_.mp4: 384x640 3 NonViolences, 43.9ms
video 1/1 (651/736) D:\yolo_.mp4: 384x640 3 NonViolences, 37.9ms
video 1/1 (652/736) D:\yolo_.mp4: 384x640 3 NonViolences, 37.9ms
video 1/1 (653/736) D:\yolo_.mp4: 384x640 3 NonViolences, 37.9ms
video 1/1 (654/736) D:\yolo_.mp4: 384x640 3 NonViolences, 37.9ms
video 1/1 (655/736) D:\yolo_.mp4: 384x640 3 NonViolences, 37.9ms
video 1/1 (656/736) D:\yolo_.mp4: 384x640 3 NonViolences, 45.8ms
video 1/1 (657/736) D:\yolo_.mp4: 384x640 3 NonViolences, 40.9ms
video 1/1 (658/736) D:\yolo_.mp4: 384x640 3 NonViolences, 43.8ms
video 1/1 (659/736) D:\yolo_.mp4: 384x640 3 NonViolences, 36.9ms
video 1/1 (660/736) D:\yolo_.mp4: 384x640 3 NonViolences, 37.9ms
video 1/1 (661/736) D:\yolo_.mp4: 384x640 3 NonViolences, 36.9ms
video 1/1 (662/736) D:\yolo_.mp4: 384x640 3 NonViolences, 37.9ms
video 1/1 (663/736) D:\yolo_.mp4: 384x640 3 NonViolences, 1 Violence, 36.9ms
video 1/1 (664/736) D:\yolo_.mp4: 384x640 3 NonViolences, 38.9ms
video 1/1 (665/736) D:\yolo_.mp4: 384x640 3 NonViolences, 40.9ms
video 1/1 (666/736) D:\yolo_.mp4: 384x640 3 NonViolences, 17.0ms
video 1/1 (667/736) D:\yolo_.mp4: 384x640 3 NonViolences, 18.0ms
video 1/1 (668/736) D:\yolo_.mp4: 384x640 3 NonViolences, 18.0ms
video 1/1 (669/736) D:\yolo_.mp4: 384x640 2 NonViolences, 17.9ms
video 1/1 (670/736) D:\yolo_.mp4: 384x640 3 NonViolences, 16.9ms
video 1/1 (671/736) D:\yolo_.mp4: 384x640 3 NonViolences, 1 Violence, 17.0ms
video 1/1 (672/736) D:\yolo_.mp4: 384x640 2 NonViolences, 18.0ms
video 1/1 (673/736) D:\yolo_.mp4: 384x640 2 NonViolences, 18.9ms
video 1/1 (674/736) D:\yolo_.mp4: 384x640 2 NonViolences, 20.9ms
video 1/1 (675/736) D:\yolo_.mp4: 384x640 2 NonViolences, 19.9ms
video 1/1 (676/736) D:\yolo_.mp4: 384x640 2 NonViolences, 18.0ms
video 1/1 (677/736) D:\yolo_.mp4: 384x640 2 NonViolences, 16.9ms
video 1/1 (678/736) D:\yolo_.mp4: 384x640 2 NonViolences, 18.0ms
video 1/1 (679/736) D:\yolo_.mp4: 384x640 1 NonViolence, 1 Violence, 18.0ms
video 1/1 (680/736) D:\yolo_.mp4: 384x640 2 NonViolences, 18.0ms
video 1/1 (681/736) D:\yolo_.mp4: 384x640 2 NonViolences, 19.9ms
video 1/1 (682/736) D:\yolo_.mp4: 384x640 2 NonViolences, 18.9ms
video 1/1 (683/736) D:\yolo_.mp4: 384x640 2 NonViolences, 18.0ms
video 1/1 (684/736) D:\yolo_.mp4: 384x640 2 NonViolences, 18.0ms
video 1/1 (685/736) D:\yolo_.mp4: 384x640 2 NonViolences, 18.0ms
video 1/1 (686/736) D:\yolo_.mp4: 384x640 2 NonViolences, 18.9ms
video 1/1 (687/736) D:\yolo_.mp4: 384x640 2 NonViolences, 38.9ms
video 1/1 (688/736) D:\yolo_.mp4: 384x640 2 NonViolences, 37.9ms
video 1/1 (689/736) D:\yolo_.mp4: 384x640 3 NonViolences, 38.9ms
video 1/1 (690/736) D:\yolo_.mp4: 384x640 3 NonViolences, 38.8ms
video 1/1 (691/736) D:\yolo_.mp4: 384x640 3 NonViolences, 42.9ms
video 1/1 (692/736) D:\yolo_.mp4: 384x640 3 NonViolences, 41.9ms
video 1/1 (693/736) D:\yolo_.mp4: 384x640 3 NonViolences, 1 Violence, 43.9ms
video 1/1 (694/736) D:\yolo_.mp4: 384x640 3 NonViolences, 36.9ms
video 1/1 (695/736) D:\yolo_.mp4: 384x640 3 NonViolences, 36.9ms
video 1/1 (696/736) D:\yolo_.mp4: 384x640 3 NonViolences, 37.9ms
video 1/1 (697/736) D:\yolo_.mp4: 384x640 3 NonViolences, 36.9ms
video 1/1 (698/736) D:\yolo_.mp4: 384x640 3 NonViolences, 43.9ms
video 1/1 (699/736) D:\yolo_.mp4: 384x640 3 NonViolences, 18.9ms
video 1/1 (700/736) D:\yolo_.mp4: 384x640 3 NonViolences, 18.0ms
video 1/1 (701/736) D:\yolo_.mp4: 384x640 3 NonViolences, 18.0ms
video 1/1 (702/736) D:\yolo_.mp4: 384x640 3 NonViolences, 17.0ms
video 1/1 (703/736) D:\yolo_.mp4: 384x640 3 NonViolences, 16.9ms
video 1/1 (704/736) D:\yolo_.mp4: 384x640 2 NonViolences, 1 Violence, 18.0ms
video 1/1 (705/736) D:\yolo_.mp4: 384x640 2 NonViolences, 1 Violence, 16.9ms
video 1/1 (706/736) D:\yolo_.mp4: 384x640 2 NonViolences, 1 Violence, 19.9ms
video 1/1 (707/736) D:\yolo_.mp4: 384x640 1 NonViolence, 1 Violence, 19.9ms
video 1/1 (708/736) D:\yolo_.mp4: 384x640 1 NonViolence, 1 Violence, 17.0ms
video 1/1 (709/736) D:\yolo_.mp4: 384x640 3 NonViolences, 1 Violence, 18.0ms
video 1/1 (710/736) D:\yolo_.mp4: 384x640 1 NonViolence, 1 Violence, 17.0ms
video 1/1 (711/736) D:\yolo_.mp4: 384x640 2 NonViolences, 17.9ms
video 1/1 (712/736) D:\yolo_.mp4: 384x640 2 NonViolences, 18.0ms
video 1/1 (713/736) D:\yolo_.mp4: 384x640 3 NonViolences, 18.0ms
video 1/1 (714/736) D:\yolo_.mp4: 384x640 3 NonViolences, 18.0ms
video 1/1 (715/736) D:\yolo_.mp4: 384x640 3 NonViolences, 19.9ms
video 1/1 (716/736) D:\yolo_.mp4: 384x640 3 NonViolences, 1 Violence, 17.9ms
video 1/1 (717/736) D:\yolo_.mp4: 384x640 3 NonViolences, 17.9ms
video 1/1 (718/736) D:\yolo_.mp4: 384x640 3 NonViolences, 1 Violence, 18.0ms
video 1/1 (719/736) D:\yolo_.mp4: 384x640 3 NonViolences, 16.9ms
video 1/1 (720/736) D:\yolo_.mp4: 384x640 3 NonViolences, 38.8ms
video 1/1 (721/736) D:\yolo_.mp4: 384x640 3 NonViolences, 37.9ms
video 1/1 (722/736) D:\yolo_.mp4: 384x640 3 NonViolences, 37.9ms
video 1/1 (723/736) D:\yolo_.mp4: 384x640 3 NonViolences, 37.9ms
video 1/1 (724/736) D:\yolo_.mp4: 384x640 3 NonViolences, 43.9ms
video 1/1 (725/736) D:\yolo_.mp4: 384x640 3 NonViolences, 40.9ms
video 1/1 (726/736) D:\yolo_.mp4: 384x640 2 NonViolences, 39.9ms
video 1/1 (727/736) D:\yolo_.mp4: 384x640 3 NonViolences, 50.8ms
video 1/1 (728/736) D:\yolo_.mp4: 384x640 2 NonViolences, 37.9ms
video 1/1 (729/736) D:\yolo_.mp4: 384x640 2 NonViolences, 20.9ms
video 1/1 (730/736) D:\yolo_.mp4: 384x640 2 NonViolences, 19.9ms
video 1/1 (731/736) D:\yolo_.mp4: 384x640 2 NonViolences, 18.9ms
video 1/1 (732/736) D:\yolo_.mp4: 384x640 2 NonViolences, 18.0ms
video 1/1 (733/736) D:\yolo_.mp4: 384x640 3 NonViolences, 19.9ms
video 1/1 (734/736) D:\yolo_.mp4: 384x640 3 NonViolences, 20.9ms
video 1/1 (735/736) D:\yolo_.mp4: 384x640 3 NonViolences, 21.9ms
video 1/1 (736/736) D:\yolo_.mp4: 384x640 (no detections), 19.0ms
Speed: 1.4ms pre-process, 26.9ms inference, 1.4ms NMS per image at shape (1, 3, 640, 640)
Results saved to [1mruns\detect\exp67[0m
726 labels saved to runs\detect\exp67\labels
